Command line:
   their_top_module_tb_isim_beh.exe
     -simmode  gui
     -simrunnum  0
     -socket  47679

Sun May  5 12:27:52 2019


 Elaboration Time: 0.07 sec

 Current Memory Usage: 207.258 Meg

 Total Signals          : 1165
 Total Nets             : 11980
 Total Signal Drivers   : 488
 Total Blocks           : 60
 Total Primitive Blocks : 36
 Total Processes        : 180
 Total Traceable Variables  : 674
 Total Scalar Nets and Variables : 13262
Total Line Count : 2041

 Total Simulation Time: 0.13 sec

 Current Memory Usage: 284.787 Meg

Sun May  5 12:28:07 2019

