Running: /home/shashij/xilinx/14.7/ISE_DS/ISE/bin/lin64/unwrapped/fuse -intstyle ise -incremental -lib secureip -o /home/shashij/arbiter/endgame-project/their_top_module_tb_isim_beh.exe -prj /home/shashij/arbiter/endgame-project/their_top_module_tb_beh.prj work.their_top_module_tb 
ISim P.20131013 (signature 0xfbc00daa)
Number of CPUs detected in this system: 4
Turning on mult-threading, number of parallel sub-compilation jobs: 8 
Determining compilation order of HDL files
Parsing VHDL file "/home/shashij/arbiter/endgame-project/ipcore_dir/fifo.vhd" into library work
Parsing VHDL file "/home/shashij/arbiter/endgame-project/ipcore_dir/fifo_port.vhd" into library work
Parsing VHDL file "/home/shashij/arbiter/endgame-project/demux.vhd" into library work
Parsing VHDL file "/home/shashij/arbiter/endgame-project/main.vhd" into library work
Parsing VHDL file "/home/shashij/arbiter/endgame-project/main_tb.vhd" into library work
Starting static elaboration
Completed static elaboration
Fuse Memory Usage: 104728 KB
Fuse CPU Usage: 1870 ms
Compiling package standard
Compiling package std_logic_1164
Compiling package std_logic_arith
Compiling package std_logic_unsigned
Compiling package numeric_std
Compiling architecture behavioral of entity demux5to32 [demux5to32_default]
Compiling architecture behavioral of entity fifo_generator_v9_3_bhv_as [\fifo_generator_v9_3_bhv_as(144,...]
Compiling architecture behavioral of entity fifo_generator_v9_3_conv [\fifo_generator_v9_3_conv(0,0,12...]
Compiling architecture behavioral of entity fifo_generator_v9_3 [\fifo_generator_v9_3(0,0,12,"Bla...]
Compiling architecture fifo_a of entity fifo [fifo_default]
Compiling architecture behavioral of entity fifo_generator_v9_3_bhv_as [\fifo_generator_v9_3_bhv_as(32,"...]
Compiling architecture behavioral of entity fifo_generator_v9_3_conv [\fifo_generator_v9_3_conv(0,0,10...]
Compiling architecture behavioral of entity fifo_generator_v9_3 [\fifo_generator_v9_3(0,0,10,"Bla...]
Compiling architecture fifo_port_a of entity fifo_port [fifo_port_default]
Compiling architecture behavioral of entity main [main_default]
Compiling architecture behavior of entity their_top_module_tb
Time Resolution for simulation is 1ps.
Waiting for 1 sub-compilation(s) to finish...
Compiled 26 VHDL Units
Built simulation executable /home/shashij/arbiter/endgame-project/their_top_module_tb_isim_beh.exe
Fuse Memory Usage: 680920 KB
Fuse CPU Usage: 2320 ms
GCC CPU Usage: 4130 ms
